<?xml version="1.0" encoding="UTF-8"?>
<!-- Generated by org.testng.reporters.JUnitXMLReporter -->
<testsuite ignored="0" hostname="Zaman_M" failures="1" tests="1" name="Nopackage" time="0.526" errors="0" timestamp="30 Apr 2023 21:43:14 GMT">
  <testcase classname="io.cucumber.testng.AbstractTestNGCucumberTests" name="runScenario" time="0.19">
    <failure type="java.lang.NullPointerException" message="Cannot invoke &amp;quot;org.openqa.selenium.WebDriver.manage()&amp;quot; because &amp;quot;smarttech.ny.basepage.ParentClass.driver&amp;quot; is null">
      <![CDATA[java.lang.NullPointerException: Cannot invoke "org.openqa.selenium.WebDriver.manage()" because "smarttech.ny.basepage.ParentClass.driver" is null
at smarttech.ny.basepage.ParentClass.Intialization(ParentClass.java:59)
at smarttech.ny.stepdefinations.FuntionalStepDef.verify_that_home_page_is_visible_successfully(FuntionalStepDef.java:33)
at ✽.Verify that home page is visible successfully(file:///C:/Users/mahin/eclipse-workspace/Automation_Excercise_E2E/./features/Automation.feature:6)
]]>
    </failure>
  </testcase> <!-- runScenario -->
</testsuite> <!-- Nopackage -->
