<?xml version="1.0" encoding="UTF-8"?>
<testng-results ignored="0" total="1" passed="1" failed="0" skipped="0">
  <reporter-output>
  </reporter-output>
  <suite started-at="2023-05-08T05:24:29Z" name="Suite1" finished-at="2023-05-08T05:24:35Z" duration-ms="6575">
    <groups>
      <group name="cucumber">
        <method signature="AbstractTestNGCucumberTests.runScenario(io.cucumber.testng.PickleWrapper, io.cucumber.testng.FeatureWrapper)[pri:0, instance:smarttech.ny.myrunner.TestRunner@21337f7b]" name="runScenario" class="io.cucumber.testng.AbstractTestNGCucumberTests"/>
      </group> <!-- cucumber -->
    </groups>
    <test started-at="2023-05-08T05:24:29Z" name="Something" finished-at="2023-05-08T05:24:35Z" duration-ms="6575">
      <class name="smarttech.ny.myrunner.TestRunner">
        <test-method is-config="true" signature="setUpClass()[pri:0, instance:smarttech.ny.myrunner.TestRunner@21337f7b]" started-at="2023-05-08T05:24:29Z" name="setUpClass" finished-at="2023-05-08T05:24:29Z" duration-ms="336" status="PASS">
          <reporter-output>
          </reporter-output>
        </test-method> <!-- setUpClass -->
        <test-method signature="runScenario(io.cucumber.testng.PickleWrapper, io.cucumber.testng.FeatureWrapper)[pri:0, instance:smarttech.ny.myrunner.TestRunner@21337f7b]" started-at="2023-05-08T05:24:29Z" name="runScenario" description="Runs Cucumber Scenarios" data-provider="scenarios" finished-at="2023-05-08T05:24:35Z" duration-ms="6130" status="PASS">
          <params>
            <param index="0">
              <value>
                <![CDATA["User Able To Login, Purchase And Download Invoice."]]>
              </value>
            </param>
            <param index="1">
              <value>
                <![CDATA["Optional[Valid Users Able To Download Invoice after purchase the order.]"]]>
              </value>
            </param>
          </params>
          <reporter-output>
          </reporter-output>
        </test-method> <!-- runScenario -->
        <test-method is-config="true" signature="tearDownClass()[pri:0, instance:smarttech.ny.myrunner.TestRunner@21337f7b]" started-at="2023-05-08T05:24:35Z" name="tearDownClass" finished-at="2023-05-08T05:24:35Z" duration-ms="91" status="PASS">
          <reporter-output>
          </reporter-output>
        </test-method> <!-- tearDownClass -->
      </class> <!-- smarttech.ny.myrunner.TestRunner -->
    </test> <!-- Something -->
  </suite> <!-- Suite1 -->
</testng-results>
